<?xml version="1.0" encoding="UTF-8"?>
<testsuite xmlns:xsi="http://www.w3.org/2001/XMLSchema-instance" xsi:noNamespaceSchemaLocation="https://maven.apache.org/surefire/maven-surefire-plugin/xsd/surefire-test-report.xsd" version="3.0.2" name="com.qma.quantitymeasurement.LengthTest" time="0.076" tests="6" errors="0" skipped="0" failures="0">
  <properties>
[...]
</properties>
  <testcase name="testEquality_InchToInch_SameValue" classname="com.qma.quantitymeasurement.LengthTest" time="0.027"/>
  <testcase name="testEquality_InchToFeet_EquivalentValue" classname="com.qma.quantitymeasurement.LengthTest" time="0.003"/>
  <testcase name="testEquality_FeetToFeet_SameValue" classname="com.qma.quantitymeasurement.LengthTest" time="0.003"/>
  <testcase name="testEquality_NullComparison" classname="com.qma.quantitymeasurement.LengthTest" time="0.01"/>
  <testcase name="testEquality_FeetToInch_EquivalentValue" classname="com.qma.quantitymeasurement.LengthTest" time="0.003"/>
  <testcase name="testEquality_DifferentType" classname="com.qma.quantitymeasurement.LengthTest" time="0.007"/>
</testsuite>